<?xml version="1.0" encoding="UTF-8"?>
<!-- Generated by org.testng.reporters.JUnitXMLReporter -->
<testsuite ignored="0" hostname="KrunalJ-EverAG" failures="1" tests="3" name="Test" time="7.961" errors="0" timestamp="2024-11-13T12:37:57 IST">
  <testcase classname="com.ecomsite.testcases.TestLoginFunctionality" name="testLoginPageFields" time="0.178"/>
  <testcase classname="com.ecomsite.testcases.TestLoginFunctionality" name="testLoginFunctionalityWithCorrectCredentials" time="0.898">
    <failure type="java.lang.AssertionError" message="expected [true] but found [false]">
      <![CDATA[java.lang.AssertionError: expected [true] but found [false]
at com.ecomsite.testcases.TestLoginFunctionality.testLoginFunctionalityWithCorrectCredentials(TestLoginFunctionality.java:50)
at java.base/java.util.ArrayList.forEach(ArrayList.java:1597)
... Removed 29 stack frames]]>
    </failure>
  </testcase> <!-- testLoginFunctionalityWithCorrectCredentials -->
  <testcase classname="com.ecomsite.testcases.TestLoginFunctionality" name="testLoginFunctionalityWithInCorrectCredentials" time="0.816"/>
</testsuite> <!-- Test -->
