<?xml version="1.0" encoding="UTF-8"?>
<testng-results ignored="0" total="3" passed="2" failed="1" skipped="0">
  <reporter-output>
  </reporter-output>
  <suite started-at="2024-11-13T12:37:49 IST" name="Suite" finished-at="2024-11-13T12:37:57 IST" duration-ms="7961">
    <groups>
    </groups>
    <test started-at="2024-11-13T12:37:49 IST" name="Test" finished-at="2024-11-13T12:37:57 IST" duration-ms="7961">
      <class name="com.ecomsite.testcases.TestLoginFunctionality">
        <test-method is-config="true" signature="beforeSuite()[pri:0, instance:com.ecomsite.testcases.TestLoginFunctionality@2e377400]" started-at="2024-11-13T12:37:49 IST" name="beforeSuite" finished-at="2024-11-13T12:37:49 IST" duration-ms="250" status="PASS">
          <reporter-output>
          </reporter-output>
        </test-method> <!-- beforeSuite -->
        <test-method is-config="true" signature="setUp()[pri:0, instance:com.ecomsite.testcases.TestLoginFunctionality@2e377400]" started-at="2024-11-13T12:37:49 IST" name="setUp" finished-at="2024-11-13T12:37:51 IST" duration-ms="1979" status="PASS">
          <reporter-output>
          </reporter-output>
        </test-method> <!-- setUp -->
        <test-method signature="testLoginPageFields()[pri:0, instance:com.ecomsite.testcases.TestLoginFunctionality@2e377400]" started-at="2024-11-13T12:37:51 IST" name="testLoginPageFields" finished-at="2024-11-13T12:37:51 IST" duration-ms="178" status="PASS">
          <reporter-output>
          </reporter-output>
        </test-method> <!-- testLoginPageFields -->
        <test-method is-config="true" signature="tearDown()[pri:0, instance:com.ecomsite.testcases.TestLoginFunctionality@2e377400]" started-at="2024-11-13T12:37:51 IST" name="tearDown" finished-at="2024-11-13T12:37:51 IST" duration-ms="186" status="PASS">
          <reporter-output>
          </reporter-output>
        </test-method> <!-- tearDown -->
        <test-method is-config="true" signature="setUp()[pri:0, instance:com.ecomsite.testcases.TestLoginFunctionality@2e377400]" started-at="2024-11-13T12:37:51 IST" name="setUp" finished-at="2024-11-13T12:37:53 IST" duration-ms="1983" status="PASS">
          <reporter-output>
          </reporter-output>
        </test-method> <!-- setUp -->
        <test-method signature="testLoginFunctionalityWithCorrectCredentials()[pri:1, instance:com.ecomsite.testcases.TestLoginFunctionality@2e377400]" started-at="2024-11-13T12:37:53 IST" name="testLoginFunctionalityWithCorrectCredentials" finished-at="2024-11-13T12:37:54 IST" duration-ms="898" status="FAIL">
          <exception class="java.lang.AssertionError">
            <message>
              <![CDATA[expected [true] but found [false]]]>
            </message>
            <full-stacktrace>
              <![CDATA[java.lang.AssertionError: expected [true] but found [false]
at org.testng.Assert.fail(Assert.java:111)
at org.testng.Assert.failNotEquals(Assert.java:1578)
at org.testng.Assert.assertTrue(Assert.java:57)
at org.testng.Assert.assertTrue(Assert.java:67)
at com.ecomsite.testcases.TestLoginFunctionality.testLoginFunctionalityWithCorrectCredentials(TestLoginFunctionality.java:50)
at java.base/jdk.internal.reflect.DirectMethodHandleAccessor.invoke(DirectMethodHandleAccessor.java:103)
at java.base/java.lang.reflect.Method.invoke(Method.java:580)
at org.testng.internal.invokers.MethodInvocationHelper.invokeMethod(MethodInvocationHelper.java:141)
at org.testng.internal.invokers.TestInvoker.invokeMethod(TestInvoker.java:686)
at org.testng.internal.invokers.TestInvoker.invokeTestMethod(TestInvoker.java:230)
at org.testng.internal.invokers.MethodRunner.runInSequence(MethodRunner.java:63)
at org.testng.internal.invokers.TestInvoker$MethodInvocationAgent.invoke(TestInvoker.java:992)
at org.testng.internal.invokers.TestInvoker.invokeTestMethods(TestInvoker.java:203)
at org.testng.internal.invokers.TestMethodWorker.invokeTestMethods(TestMethodWorker.java:154)
at org.testng.internal.invokers.TestMethodWorker.run(TestMethodWorker.java:134)
at java.base/java.util.ArrayList.forEach(ArrayList.java:1597)
at org.testng.TestRunner.privateRun(TestRunner.java:739)
at org.testng.TestRunner.run(TestRunner.java:614)
at org.testng.SuiteRunner.runTest(SuiteRunner.java:421)
at org.testng.SuiteRunner.runSequentially(SuiteRunner.java:413)
at org.testng.SuiteRunner.privateRun(SuiteRunner.java:373)
at org.testng.SuiteRunner.run(SuiteRunner.java:312)
at org.testng.SuiteRunnerWorker.runSuite(SuiteRunnerWorker.java:52)
at org.testng.SuiteRunnerWorker.run(SuiteRunnerWorker.java:95)
at org.testng.TestNG.runSuitesSequentially(TestNG.java:1274)
at org.testng.TestNG.runSuitesLocally(TestNG.java:1208)
at org.testng.TestNG.runSuites(TestNG.java:1112)
at org.testng.TestNG.run(TestNG.java:1079)
at org.testng.remote.AbstractRemoteTestNG.run(AbstractRemoteTestNG.java:115)
at org.testng.remote.RemoteTestNG.initAndRun(RemoteTestNG.java:293)
at org.testng.remote.RemoteTestNG.main(RemoteTestNG.java:91)
]]>
            </full-stacktrace>
          </exception> <!-- java.lang.AssertionError -->
          <reporter-output>
          </reporter-output>
        </test-method> <!-- testLoginFunctionalityWithCorrectCredentials -->
        <test-method is-config="true" signature="tearDown()[pri:0, instance:com.ecomsite.testcases.TestLoginFunctionality@2e377400]" started-at="2024-11-13T12:37:54 IST" name="tearDown" finished-at="2024-11-13T12:37:55 IST" duration-ms="188" status="PASS">
          <reporter-output>
          </reporter-output>
        </test-method> <!-- tearDown -->
        <test-method is-config="true" signature="setUp()[pri:0, instance:com.ecomsite.testcases.TestLoginFunctionality@2e377400]" started-at="2024-11-13T12:37:55 IST" name="setUp" finished-at="2024-11-13T12:37:56 IST" duration-ms="1256" status="PASS">
          <reporter-output>
          </reporter-output>
        </test-method> <!-- setUp -->
        <test-method signature="testLoginFunctionalityWithInCorrectCredentials()[pri:2, instance:com.ecomsite.testcases.TestLoginFunctionality@2e377400]" started-at="2024-11-13T12:37:56 IST" name="testLoginFunctionalityWithInCorrectCredentials" finished-at="2024-11-13T12:37:57 IST" duration-ms="816" status="PASS">
          <reporter-output>
          </reporter-output>
        </test-method> <!-- testLoginFunctionalityWithInCorrectCredentials -->
        <test-method is-config="true" signature="tearDown()[pri:0, instance:com.ecomsite.testcases.TestLoginFunctionality@2e377400]" started-at="2024-11-13T12:37:57 IST" name="tearDown" finished-at="2024-11-13T12:37:57 IST" duration-ms="154" status="PASS">
          <reporter-output>
          </reporter-output>
        </test-method> <!-- tearDown -->
        <test-method is-config="true" signature="afterSuite()[pri:0, instance:com.ecomsite.testcases.TestLoginFunctionality@2e377400]" started-at="2024-11-13T12:37:57 IST" name="afterSuite" finished-at="2024-11-13T12:37:57 IST" duration-ms="200" status="PASS">
          <reporter-output>
          </reporter-output>
        </test-method> <!-- afterSuite -->
      </class> <!-- com.ecomsite.testcases.TestLoginFunctionality -->
    </test> <!-- Test -->
  </suite> <!-- Suite -->
</testng-results>
